{"/Users/pedrocosta/repos/share-calculator/src/actionsCreators/operations.js": {"path":"/Users/pedrocosta/repos/share-calculator/src/actionsCreators/operations.js","statementMap":{"0":{"start":{"line":3,"column":28},"end":{"line":3,"column":82}},"1":{"start":{"line":3,"column":36},"end":{"line":3,"column":81}},"2":{"start":{"line":4,"column":29},"end":{"line":4,"column":84}},"3":{"start":{"line":4,"column":37},"end":{"line":4,"column":83}},"4":{"start":{"line":5,"column":27},"end":{"line":5,"column":79}},"5":{"start":{"line":5,"column":35},"end":{"line":5,"column":78}},"6":{"start":{"line":6,"column":25},"end":{"line":6,"column":69}},"7":{"start":{"line":6,"column":32},"end":{"line":6,"column":68}},"8":{"start":{"line":7,"column":31},"end":{"line":7,"column":82}},"9":{"start":{"line":7,"column":38},"end":{"line":7,"column":81}},"10":{"start":{"line":8,"column":32},"end":{"line":8,"column":84}},"11":{"start":{"line":8,"column":39},"end":{"line":8,"column":83}},"12":{"start":{"line":9,"column":28},"end":{"line":9,"column":75}},"13":{"start":{"line":9,"column":35},"end":{"line":9,"column":74}},"14":{"start":{"line":10,"column":30},"end":{"line":10,"column":79}},"15":{"start":{"line":10,"column":37},"end":{"line":10,"column":78}},"16":{"start":{"line":11,"column":25},"end":{"line":11,"column":69}},"17":{"start":{"line":11,"column":32},"end":{"line":11,"column":68}},"18":{"start":{"line":12,"column":28},"end":{"line":12,"column":81}},"19":{"start":{"line":12,"column":36},"end":{"line":12,"column":80}},"20":{"start":{"line":13,"column":38},"end":{"line":16,"column":2}},"21":{"start":{"line":13,"column":46},"end":{"line":16,"column":1}}},"fnMap":{"0":{"name":"(anonymous_0)","decl":{"start":{"line":3,"column":28},"end":{"line":3,"column":29}},"loc":{"start":{"line":3,"column":36},"end":{"line":3,"column":81}},"line":3},"1":{"name":"(anonymous_1)","decl":{"start":{"line":4,"column":29},"end":{"line":4,"column":30}},"loc":{"start":{"line":4,"column":37},"end":{"line":4,"column":83}},"line":4},"2":{"name":"(anonymous_2)","decl":{"start":{"line":5,"column":27},"end":{"line":5,"column":28}},"loc":{"start":{"line":5,"column":35},"end":{"line":5,"column":78}},"line":5},"3":{"name":"(anonymous_3)","decl":{"start":{"line":6,"column":25},"end":{"line":6,"column":26}},"loc":{"start":{"line":6,"column":32},"end":{"line":6,"column":68}},"line":6},"4":{"name":"(anonymous_4)","decl":{"start":{"line":7,"column":31},"end":{"line":7,"column":32}},"loc":{"start":{"line":7,"column":38},"end":{"line":7,"column":81}},"line":7},"5":{"name":"(anonymous_5)","decl":{"start":{"line":8,"column":32},"end":{"line":8,"column":33}},"loc":{"start":{"line":8,"column":39},"end":{"line":8,"column":83}},"line":8},"6":{"name":"(anonymous_6)","decl":{"start":{"line":9,"column":28},"end":{"line":9,"column":29}},"loc":{"start":{"line":9,"column":35},"end":{"line":9,"column":74}},"line":9},"7":{"name":"(anonymous_7)","decl":{"start":{"line":10,"column":30},"end":{"line":10,"column":31}},"loc":{"start":{"line":10,"column":37},"end":{"line":10,"column":78}},"line":10},"8":{"name":"(anonymous_8)","decl":{"start":{"line":11,"column":25},"end":{"line":11,"column":26}},"loc":{"start":{"line":11,"column":32},"end":{"line":11,"column":68}},"line":11},"9":{"name":"(anonymous_9)","decl":{"start":{"line":12,"column":28},"end":{"line":12,"column":29}},"loc":{"start":{"line":12,"column":36},"end":{"line":12,"column":80}},"line":12},"10":{"name":"(anonymous_10)","decl":{"start":{"line":13,"column":38},"end":{"line":13,"column":39}},"loc":{"start":{"line":13,"column":46},"end":{"line":16,"column":1}},"line":13}},"branchMap":{},"s":{"0":3,"1":57,"2":3,"3":29,"4":3,"5":19,"6":3,"7":11,"8":3,"9":4,"10":3,"11":3,"12":3,"13":2,"14":3,"15":2,"16":3,"17":1,"18":3,"19":2,"20":3,"21":2},"f":{"0":57,"1":29,"2":19,"3":11,"4":4,"5":3,"6":2,"7":2,"8":1,"9":2,"10":2},"b":{},"_coverageSchema":"43e27e138ebf9cfc5966b082cf9a028302ed4184","hash":"09888e525714777d15bc5f9666140dcff6b7353e"}
,"/Users/pedrocosta/repos/share-calculator/src/actionsCreators/uiState.js": {"path":"/Users/pedrocosta/repos/share-calculator/src/actionsCreators/uiState.js","statementMap":{"0":{"start":{"line":3,"column":35},"end":{"line":3,"column":89}},"1":{"start":{"line":3,"column":42},"end":{"line":3,"column":88}}},"fnMap":{"0":{"name":"(anonymous_0)","decl":{"start":{"line":3,"column":35},"end":{"line":3,"column":36}},"loc":{"start":{"line":3,"column":42},"end":{"line":3,"column":88}},"line":3}},"branchMap":{},"s":{"0":3,"1":3},"f":{"0":3},"b":{},"_coverageSchema":"43e27e138ebf9cfc5966b082cf9a028302ed4184","hash":"eba248f4cc1a82185b2f92173b1b16f13496dbdb"}
,"/Users/pedrocosta/repos/share-calculator/src/actionsTypes/operations.js": {"path":"/Users/pedrocosta/repos/share-calculator/src/actionsTypes/operations.js","statementMap":{"0":{"start":{"line":1,"column":25},"end":{"line":13,"column":1}}},"fnMap":{},"branchMap":{},"s":{"0":5},"f":{},"b":{},"_coverageSchema":"43e27e138ebf9cfc5966b082cf9a028302ed4184","hash":"c5cd5f45f8514a02afbcdf9e5dc25f0d872a7480"}
,"/Users/pedrocosta/repos/share-calculator/src/actionsTypes/uiState.js": {"path":"/Users/pedrocosta/repos/share-calculator/src/actionsTypes/uiState.js","statementMap":{"0":{"start":{"line":1,"column":23},"end":{"line":3,"column":1}}},"fnMap":{},"branchMap":{},"s":{"0":5},"f":{},"b":{},"_coverageSchema":"43e27e138ebf9cfc5966b082cf9a028302ed4184","hash":"65918eba84b3c080ae876b73fe73c1e601a6be89"}
,"/Users/pedrocosta/repos/share-calculator/src/components/Button/styles.js": {"path":"/Users/pedrocosta/repos/share-calculator/src/components/Button/styles.js","statementMap":{"0":{"start":{"line":3,"column":15},"end":{"line":18,"column":2}}},"fnMap":{},"branchMap":{},"s":{"0":3},"f":{},"b":{},"_coverageSchema":"43e27e138ebf9cfc5966b082cf9a028302ed4184","hash":"b9062f8d5a12b75137711acb157b3ac8f1e4f6de"}
,"/Users/pedrocosta/repos/share-calculator/src/components/CollapsePanel/styles.js": {"path":"/Users/pedrocosta/repos/share-calculator/src/components/CollapsePanel/styles.js","statementMap":{"0":{"start":{"line":3,"column":15},"end":{"line":21,"column":2}},"1":{"start":{"line":23,"column":18},"end":{"line":33,"column":1}}},"fnMap":{},"branchMap":{},"s":{"0":2,"1":2},"f":{},"b":{},"_coverageSchema":"43e27e138ebf9cfc5966b082cf9a028302ed4184","hash":"41a33a8cb23568e4f649eb4fa5c058d62c32629b"}
,"/Users/pedrocosta/repos/share-calculator/src/components/Navbar/navbar.js": {"path":"/Users/pedrocosta/repos/share-calculator/src/components/Navbar/navbar.js","statementMap":{"0":{"start":{"line":8,"column":16},"end":{"line":18,"column":1}},"1":{"start":{"line":9,"column":2},"end":{"line":11,"column":3}},"2":{"start":{"line":10,"column":4},"end":{"line":10,"column":11}},"3":{"start":{"line":13,"column":2},"end":{"line":17,"column":3}},"4":{"start":{"line":14,"column":4},"end":{"line":14,"column":41}},"5":{"start":{"line":16,"column":4},"end":{"line":16,"column":33}},"6":{"start":{"line":20,"column":15},"end":{"line":40,"column":1}},"7":{"start":{"line":21,"column":2},"end":{"line":39,"column":9}},"8":{"start":{"line":37,"column":30},"end":{"line":37,"column":49}},"9":{"start":{"line":42,"column":0},"end":{"line":44,"column":2}}},"fnMap":{"0":{"name":"(anonymous_0)","decl":{"start":{"line":8,"column":16},"end":{"line":8,"column":17}},"loc":{"start":{"line":8,"column":36},"end":{"line":18,"column":1}},"line":8},"1":{"name":"(anonymous_1)","decl":{"start":{"line":20,"column":15},"end":{"line":20,"column":16}},"loc":{"start":{"line":21,"column":2},"end":{"line":39,"column":9}},"line":21},"2":{"name":"(anonymous_2)","decl":{"start":{"line":37,"column":24},"end":{"line":37,"column":25}},"loc":{"start":{"line":37,"column":30},"end":{"line":37,"column":49}},"line":37}},"branchMap":{"0":{"loc":{"start":{"line":9,"column":2},"end":{"line":11,"column":3}},"type":"if","locations":[{"start":{"line":9,"column":2},"end":{"line":11,"column":3}},{"start":{"line":9,"column":2},"end":{"line":11,"column":3}}],"line":9},"1":{"loc":{"start":{"line":9,"column":6},"end":{"line":9,"column":51}},"type":"binary-expr","locations":[{"start":{"line":9,"column":6},"end":{"line":9,"column":17}},{"start":{"line":9,"column":21},"end":{"line":9,"column":51}}],"line":9}},"s":{"0":1,"1":0,"2":0,"3":0,"4":0,"5":0,"6":1,"7":1,"8":0,"9":1},"f":{"0":0,"1":1,"2":0},"b":{"0":[0,0],"1":[0,0]},"_coverageSchema":"43e27e138ebf9cfc5966b082cf9a028302ed4184","hash":"8614f53821e8d10004af5be220c448943ba4dfea"}
,"/Users/pedrocosta/repos/share-calculator/src/components/Navbar/styles.js": {"path":"/Users/pedrocosta/repos/share-calculator/src/components/Navbar/styles.js","statementMap":{"0":{"start":{"line":3,"column":15},"end":{"line":8,"column":2}}},"fnMap":{},"branchMap":{},"s":{"0":1},"f":{},"b":{},"_coverageSchema":"43e27e138ebf9cfc5966b082cf9a028302ed4184","hash":"43fe0c8ff780beb3e9cfbc361f53334917d1dfe4"}
,"/Users/pedrocosta/repos/share-calculator/src/components/Operation/operation.js": {"path":"/Users/pedrocosta/repos/share-calculator/src/components/Operation/operation.js","statementMap":{"0":{"start":{"line":6,"column":18},"end":{"line":6,"column":76}},"1":{"start":{"line":6,"column":32},"end":{"line":6,"column":76}},"2":{"start":{"line":8,"column":0},"end":{"line":10,"column":2}},"3":{"start":{"line":12,"column":0},"end":{"line":14,"column":2}}},"fnMap":{"0":{"name":"(anonymous_0)","decl":{"start":{"line":6,"column":18},"end":{"line":6,"column":19}},"loc":{"start":{"line":6,"column":32},"end":{"line":6,"column":76}},"line":6}},"branchMap":{},"s":{"0":2,"1":140,"2":2,"3":2},"f":{"0":140},"b":{},"_coverageSchema":"43e27e138ebf9cfc5966b082cf9a028302ed4184","hash":"1ae2cb2f96533aacce554ddb812d616203887821"}
,"/Users/pedrocosta/repos/share-calculator/src/components/Operation/styles.js": {"path":"/Users/pedrocosta/repos/share-calculator/src/components/Operation/styles.js","statementMap":{"0":{"start":{"line":3,"column":15},"end":{"line":9,"column":2}}},"fnMap":{},"branchMap":{},"s":{"0":2},"f":{},"b":{},"_coverageSchema":"43e27e138ebf9cfc5966b082cf9a028302ed4184","hash":"b4867e7e0cd0ce9c098298d83bbbe2bfb558605d"}
,"/Users/pedrocosta/repos/share-calculator/src/components/Pad/styles.js": {"path":"/Users/pedrocosta/repos/share-calculator/src/components/Pad/styles.js","statementMap":{"0":{"start":{"line":3,"column":15},"end":{"line":19,"column":2}}},"fnMap":{},"branchMap":{},"s":{"0":2},"f":{},"b":{},"_coverageSchema":"43e27e138ebf9cfc5966b082cf9a028302ed4184","hash":"7568da5ddd2ed1b6d16f82693fefef896f2ad957"}
,"/Users/pedrocosta/repos/share-calculator/src/components/Result/result.js": {"path":"/Users/pedrocosta/repos/share-calculator/src/components/Result/result.js","statementMap":{"0":{"start":{"line":6,"column":15},"end":{"line":6,"column":70}},"1":{"start":{"line":6,"column":29},"end":{"line":6,"column":70}},"2":{"start":{"line":8,"column":0},"end":{"line":10,"column":2}},"3":{"start":{"line":12,"column":0},"end":{"line":14,"column":2}}},"fnMap":{"0":{"name":"(anonymous_0)","decl":{"start":{"line":6,"column":15},"end":{"line":6,"column":16}},"loc":{"start":{"line":6,"column":29},"end":{"line":6,"column":70}},"line":6}},"branchMap":{},"s":{"0":2,"1":42,"2":2,"3":2},"f":{"0":42},"b":{},"_coverageSchema":"43e27e138ebf9cfc5966b082cf9a028302ed4184","hash":"b2a57e4511c6d1250d19f0323b637e8d919cf676"}
,"/Users/pedrocosta/repos/share-calculator/src/components/Result/styles.js": {"path":"/Users/pedrocosta/repos/share-calculator/src/components/Result/styles.js","statementMap":{"0":{"start":{"line":3,"column":15},"end":{"line":9,"column":2}}},"fnMap":{},"branchMap":{},"s":{"0":2},"f":{},"b":{},"_coverageSchema":"43e27e138ebf9cfc5966b082cf9a028302ed4184","hash":"88468792103c55c63820fce056da7ba231f824fb"}
,"/Users/pedrocosta/repos/share-calculator/src/components/Screen/styles.js": {"path":"/Users/pedrocosta/repos/share-calculator/src/components/Screen/styles.js","statementMap":{"0":{"start":{"line":3,"column":15},"end":{"line":11,"column":2}}},"fnMap":{},"branchMap":{},"s":{"0":2},"f":{},"b":{},"_coverageSchema":"43e27e138ebf9cfc5966b082cf9a028302ed4184","hash":"bd3ea3649a7362b6db959e51b3752660ab7b923b"}
,"/Users/pedrocosta/repos/share-calculator/src/reducers/operations.js": {"path":"/Users/pedrocosta/repos/share-calculator/src/reducers/operations.js","statementMap":{"0":{"start":{"line":5,"column":29},"end":{"line":10,"column":1}},"1":{"start":{"line":13,"column":2},"end":{"line":83,"column":3}},"2":{"start":{"line":15,"column":29},"end":{"line":15,"column":55}},"3":{"start":{"line":16,"column":6},"end":{"line":24,"column":12}},"4":{"start":{"line":26,"column":6},"end":{"line":29,"column":8}},"5":{"start":{"line":31,"column":6},"end":{"line":34,"column":8}},"6":{"start":{"line":36,"column":21},"end":{"line":36,"column":88}},"7":{"start":{"line":37,"column":6},"end":{"line":40,"column":8}},"8":{"start":{"line":43,"column":6},"end":{"line":46,"column":8}},"9":{"start":{"line":48,"column":6},"end":{"line":51,"column":8}},"10":{"start":{"line":53,"column":6},"end":{"line":57,"column":8}},"11":{"start":{"line":59,"column":6},"end":{"line":62,"column":8}},"12":{"start":{"line":64,"column":6},"end":{"line":66,"column":8}},"13":{"start":{"line":68,"column":6},"end":{"line":72,"column":8}},"14":{"start":{"line":74,"column":21},"end":{"line":74,"column":88}},"15":{"start":{"line":75,"column":6},"end":{"line":79,"column":8}},"16":{"start":{"line":82,"column":6},"end":{"line":82,"column":19}}},"fnMap":{"0":{"name":"reducer","decl":{"start":{"line":12,"column":24},"end":{"line":12,"column":31}},"loc":{"start":{"line":12,"column":63},"end":{"line":84,"column":1}},"line":12}},"branchMap":{"0":{"loc":{"start":{"line":12,"column":32},"end":{"line":12,"column":53}},"type":"default-arg","locations":[{"start":{"line":12,"column":40},"end":{"line":12,"column":53}}],"line":12},"1":{"loc":{"start":{"line":13,"column":2},"end":{"line":83,"column":3}},"type":"switch","locations":[{"start":{"line":14,"column":4},"end":{"line":24,"column":12}},{"start":{"line":25,"column":4},"end":{"line":29,"column":8}},{"start":{"line":30,"column":4},"end":{"line":34,"column":8}},{"start":{"line":35,"column":4},"end":{"line":41,"column":5}},{"start":{"line":42,"column":4},"end":{"line":46,"column":8}},{"start":{"line":47,"column":4},"end":{"line":51,"column":8}},{"start":{"line":52,"column":4},"end":{"line":57,"column":8}},{"start":{"line":58,"column":4},"end":{"line":62,"column":8}},{"start":{"line":63,"column":4},"end":{"line":66,"column":8}},{"start":{"line":67,"column":4},"end":{"line":72,"column":8}},{"start":{"line":73,"column":4},"end":{"line":80,"column":5}},{"start":{"line":81,"column":4},"end":{"line":82,"column":19}}],"line":13},"2":{"loc":{"start":{"line":16,"column":13},"end":{"line":24,"column":11}},"type":"cond-expr","locations":[{"start":{"line":17,"column":10},"end":{"line":20,"column":11}},{"start":{"line":21,"column":10},"end":{"line":24,"column":11}}],"line":16}},"s":{"0":2,"1":165,"2":57,"3":57,"4":29,"5":19,"6":11,"7":11,"8":4,"9":3,"10":2,"11":2,"12":1,"13":2,"14":2,"15":2,"16":33},"f":{"0":165},"b":{"0":[31],"1":[57,29,19,11,4,3,2,2,1,2,2,33],"2":[1,56]},"_coverageSchema":"43e27e138ebf9cfc5966b082cf9a028302ed4184","hash":"170483e3485a7c5c59859b4a9f10d9ce9a6dbaaf"}
,"/Users/pedrocosta/repos/share-calculator/src/reducers/uiState.js": {"path":"/Users/pedrocosta/repos/share-calculator/src/reducers/uiState.js","statementMap":{"0":{"start":{"line":3,"column":29},"end":{"line":5,"column":1}},"1":{"start":{"line":8,"column":2},"end":{"line":13,"column":3}},"2":{"start":{"line":10,"column":6},"end":{"line":10,"column":51}},"3":{"start":{"line":12,"column":6},"end":{"line":12,"column":19}}},"fnMap":{"0":{"name":"reducer","decl":{"start":{"line":7,"column":24},"end":{"line":7,"column":31}},"loc":{"start":{"line":7,"column":63},"end":{"line":14,"column":1}},"line":7}},"branchMap":{"0":{"loc":{"start":{"line":7,"column":32},"end":{"line":7,"column":53}},"type":"default-arg","locations":[{"start":{"line":7,"column":40},"end":{"line":7,"column":53}}],"line":7},"1":{"loc":{"start":{"line":8,"column":2},"end":{"line":13,"column":3}},"type":"switch","locations":[{"start":{"line":9,"column":4},"end":{"line":10,"column":51}},{"start":{"line":11,"column":4},"end":{"line":12,"column":19}}],"line":8}},"s":{"0":2,"1":156,"2":4,"3":152},"f":{"0":156},"b":{"0":[31],"1":[4,152]},"_coverageSchema":"43e27e138ebf9cfc5966b082cf9a028302ed4184","hash":"dc90818e7e177593752dfc753759ed5d7b0cf1d3"}
,"/Users/pedrocosta/repos/share-calculator/src/screens/Calculator/calculator.js": {"path":"/Users/pedrocosta/repos/share-calculator/src/screens/Calculator/calculator.js","statementMap":{"0":{"start":{"line":23,"column":19},"end":{"line":111,"column":1}},"1":{"start":{"line":24,"column":24},"end":{"line":30,"column":3}},"2":{"start":{"line":25,"column":4},"end":{"line":28,"column":5}},"3":{"start":{"line":26,"column":6},"end":{"line":26,"column":39}},"4":{"start":{"line":27,"column":6},"end":{"line":27,"column":13}},"5":{"start":{"line":29,"column":4},"end":{"line":29,"column":38}},"6":{"start":{"line":32,"column":19},"end":{"line":37,"column":3}},"7":{"start":{"line":33,"column":4},"end":{"line":35,"column":5}},"8":{"start":{"line":34,"column":6},"end":{"line":34,"column":13}},"9":{"start":{"line":36,"column":4},"end":{"line":36,"column":31}},"10":{"start":{"line":39,"column":19},"end":{"line":59,"column":3}},"11":{"start":{"line":40,"column":4},"end":{"line":43,"column":5}},"12":{"start":{"line":41,"column":6},"end":{"line":41,"column":36}},"13":{"start":{"line":42,"column":6},"end":{"line":42,"column":13}},"14":{"start":{"line":45,"column":4},"end":{"line":48,"column":5}},"15":{"start":{"line":46,"column":6},"end":{"line":46,"column":40}},"16":{"start":{"line":47,"column":6},"end":{"line":47,"column":13}},"17":{"start":{"line":50,"column":4},"end":{"line":53,"column":5}},"18":{"start":{"line":51,"column":6},"end":{"line":51,"column":38}},"19":{"start":{"line":52,"column":6},"end":{"line":52,"column":13}},"20":{"start":{"line":55,"column":4},"end":{"line":58,"column":5}},"21":{"start":{"line":56,"column":6},"end":{"line":56,"column":39}},"22":{"start":{"line":57,"column":6},"end":{"line":57,"column":13}},"23":{"start":{"line":61,"column":26},"end":{"line":86,"column":3}},"24":{"start":{"line":62,"column":4},"end":{"line":67,"column":5}},"25":{"start":{"line":66,"column":6},"end":{"line":66,"column":13}},"26":{"start":{"line":69,"column":4},"end":{"line":71,"column":5}},"27":{"start":{"line":70,"column":6},"end":{"line":70,"column":56}},"28":{"start":{"line":73,"column":4},"end":{"line":75,"column":5}},"29":{"start":{"line":74,"column":6},"end":{"line":74,"column":46}},"30":{"start":{"line":77,"column":4},"end":{"line":79,"column":5}},"31":{"start":{"line":78,"column":6},"end":{"line":78,"column":47}},"32":{"start":{"line":81,"column":4},"end":{"line":83,"column":5}},"33":{"start":{"line":82,"column":6},"end":{"line":82,"column":46}},"34":{"start":{"line":85,"column":4},"end":{"line":85,"column":36}},"35":{"start":{"line":88,"column":2},"end":{"line":110,"column":4}}},"fnMap":{"0":{"name":"(anonymous_0)","decl":{"start":{"line":23,"column":19},"end":{"line":23,"column":20}},"loc":{"start":{"line":23,"column":77},"end":{"line":111,"column":1}},"line":23},"1":{"name":"(anonymous_1)","decl":{"start":{"line":24,"column":24},"end":{"line":24,"column":25}},"loc":{"start":{"line":24,"column":31},"end":{"line":30,"column":3}},"line":24},"2":{"name":"(anonymous_2)","decl":{"start":{"line":32,"column":19},"end":{"line":32,"column":20}},"loc":{"start":{"line":32,"column":25},"end":{"line":37,"column":3}},"line":32},"3":{"name":"(anonymous_3)","decl":{"start":{"line":39,"column":19},"end":{"line":39,"column":20}},"loc":{"start":{"line":39,"column":25},"end":{"line":59,"column":3}},"line":39},"4":{"name":"(anonymous_4)","decl":{"start":{"line":61,"column":26},"end":{"line":61,"column":27}},"loc":{"start":{"line":61,"column":33},"end":{"line":86,"column":3}},"line":61}},"branchMap":{"0":{"loc":{"start":{"line":25,"column":4},"end":{"line":28,"column":5}},"type":"if","locations":[{"start":{"line":25,"column":4},"end":{"line":28,"column":5}},{"start":{"line":25,"column":4},"end":{"line":28,"column":5}}],"line":25},"1":{"loc":{"start":{"line":33,"column":4},"end":{"line":35,"column":5}},"type":"if","locations":[{"start":{"line":33,"column":4},"end":{"line":35,"column":5}},{"start":{"line":33,"column":4},"end":{"line":35,"column":5}}],"line":33},"2":{"loc":{"start":{"line":40,"column":4},"end":{"line":43,"column":5}},"type":"if","locations":[{"start":{"line":40,"column":4},"end":{"line":43,"column":5}},{"start":{"line":40,"column":4},"end":{"line":43,"column":5}}],"line":40},"3":{"loc":{"start":{"line":45,"column":4},"end":{"line":48,"column":5}},"type":"if","locations":[{"start":{"line":45,"column":4},"end":{"line":48,"column":5}},{"start":{"line":45,"column":4},"end":{"line":48,"column":5}}],"line":45},"4":{"loc":{"start":{"line":50,"column":4},"end":{"line":53,"column":5}},"type":"if","locations":[{"start":{"line":50,"column":4},"end":{"line":53,"column":5}},{"start":{"line":50,"column":4},"end":{"line":53,"column":5}}],"line":50},"5":{"loc":{"start":{"line":55,"column":4},"end":{"line":58,"column":5}},"type":"if","locations":[{"start":{"line":55,"column":4},"end":{"line":58,"column":5}},{"start":{"line":55,"column":4},"end":{"line":58,"column":5}}],"line":55},"6":{"loc":{"start":{"line":62,"column":4},"end":{"line":67,"column":5}},"type":"if","locations":[{"start":{"line":62,"column":4},"end":{"line":67,"column":5}},{"start":{"line":62,"column":4},"end":{"line":67,"column":5}}],"line":62},"7":{"loc":{"start":{"line":63,"column":6},"end":{"line":64,"column":64}},"type":"binary-expr","locations":[{"start":{"line":63,"column":6},"end":{"line":63,"column":48}},{"start":{"line":64,"column":7},"end":{"line":64,"column":40}},{"start":{"line":64,"column":44},"end":{"line":64,"column":63}}],"line":63},"8":{"loc":{"start":{"line":69,"column":4},"end":{"line":71,"column":5}},"type":"if","locations":[{"start":{"line":69,"column":4},"end":{"line":71,"column":5}},{"start":{"line":69,"column":4},"end":{"line":71,"column":5}}],"line":69},"9":{"loc":{"start":{"line":73,"column":4},"end":{"line":75,"column":5}},"type":"if","locations":[{"start":{"line":73,"column":4},"end":{"line":75,"column":5}},{"start":{"line":73,"column":4},"end":{"line":75,"column":5}}],"line":73},"10":{"loc":{"start":{"line":73,"column":8},"end":{"line":73,"column":56}},"type":"binary-expr","locations":[{"start":{"line":73,"column":8},"end":{"line":73,"column":41}},{"start":{"line":73,"column":45},"end":{"line":73,"column":56}}],"line":73},"11":{"loc":{"start":{"line":77,"column":4},"end":{"line":79,"column":5}},"type":"if","locations":[{"start":{"line":77,"column":4},"end":{"line":79,"column":5}},{"start":{"line":77,"column":4},"end":{"line":79,"column":5}}],"line":77},"12":{"loc":{"start":{"line":77,"column":8},"end":{"line":77,"column":94}},"type":"binary-expr","locations":[{"start":{"line":77,"column":8},"end":{"line":77,"column":41}},{"start":{"line":77,"column":45},"end":{"line":77,"column":56}},{"start":{"line":77,"column":60},"end":{"line":77,"column":94}}],"line":77},"13":{"loc":{"start":{"line":81,"column":4},"end":{"line":83,"column":5}},"type":"if","locations":[{"start":{"line":81,"column":4},"end":{"line":83,"column":5}},{"start":{"line":81,"column":4},"end":{"line":83,"column":5}}],"line":81},"14":{"loc":{"start":{"line":90,"column":19},"end":{"line":90,"column":67}},"type":"cond-expr","locations":[{"start":{"line":90,"column":34},"end":{"line":90,"column":47}},{"start":{"line":90,"column":50},"end":{"line":90,"column":67}}],"line":90},"15":{"loc":{"start":{"line":98,"column":19},"end":{"line":98,"column":78}},"type":"cond-expr","locations":[{"start":{"line":98,"column":34},"end":{"line":98,"column":54}},{"start":{"line":98,"column":57},"end":{"line":98,"column":78}}],"line":98}},"s":{"0":1,"1":151,"2":77,"3":53,"4":53,"5":24,"6":151,"7":11,"8":1,"9":10,"10":151,"11":9,"12":1,"13":1,"14":8,"15":2,"16":2,"17":6,"18":1,"19":1,"20":5,"21":3,"22":3,"23":151,"24":29,"25":2,"26":27,"27":1,"28":26,"29":3,"30":23,"31":4,"32":19,"33":1,"34":18,"35":151},"f":{"0":151,"1":77,"2":11,"3":9,"4":29},"b":{"0":[53,24],"1":[1,10],"2":[1,8],"3":[2,6],"4":[1,5],"5":[3,2],"6":[2,27],"7":[29,29,5],"8":[1,26],"9":[3,23],"10":[26,3],"11":[4,19],"12":[23,5,4],"13":[1,18],"14":[150,1],"15":[150,1]},"_coverageSchema":"43e27e138ebf9cfc5966b082cf9a028302ed4184","hash":"c154fc90b238b85bb7e08f55a3d7ccdbeb44140d"}
,"/Users/pedrocosta/repos/share-calculator/src/screens/Calculator/styles.js": {"path":"/Users/pedrocosta/repos/share-calculator/src/screens/Calculator/styles.js","statementMap":{"0":{"start":{"line":3,"column":15},"end":{"line":19,"column":2}}},"fnMap":{},"branchMap":{},"s":{"0":1},"f":{},"b":{},"_coverageSchema":"43e27e138ebf9cfc5966b082cf9a028302ed4184","hash":"440f05943481deabdc2253ba0d9656d80b6e1b0a"}
,"/Users/pedrocosta/repos/share-calculator/src/selectors/operations.js": {"path":"/Users/pedrocosta/repos/share-calculator/src/selectors/operations.js","statementMap":{"0":{"start":{"line":5,"column":24},"end":{"line":6,"column":75}},"1":{"start":{"line":6,"column":2},"end":{"line":6,"column":75}},"2":{"start":{"line":8,"column":24},"end":{"line":8,"column":64}},"3":{"start":{"line":8,"column":44},"end":{"line":8,"column":64}},"4":{"start":{"line":9,"column":23},"end":{"line":9,"column":62}},"5":{"start":{"line":9,"column":43},"end":{"line":9,"column":62}},"6":{"start":{"line":10,"column":25},"end":{"line":10,"column":66}},"7":{"start":{"line":10,"column":45},"end":{"line":10,"column":66}},"8":{"start":{"line":11,"column":21},"end":{"line":11,"column":58}},"9":{"start":{"line":11,"column":41},"end":{"line":11,"column":58}},"10":{"start":{"line":13,"column":25},"end":{"line":16,"column":1}},"11":{"start":{"line":15,"column":15},"end":{"line":15,"column":33}},"12":{"start":{"line":18,"column":26},"end":{"line":21,"column":1}},"13":{"start":{"line":20,"column":16},"end":{"line":20,"column":35}},"14":{"start":{"line":23,"column":22},"end":{"line":26,"column":1}},"15":{"start":{"line":25,"column":12},"end":{"line":25,"column":27}},"16":{"start":{"line":28,"column":27},"end":{"line":31,"column":1}},"17":{"start":{"line":30,"column":15},"end":{"line":30,"column":41}},"18":{"start":{"line":33,"column":28},"end":{"line":36,"column":1}},"19":{"start":{"line":35,"column":16},"end":{"line":35,"column":43}},"20":{"start":{"line":38,"column":24},"end":{"line":41,"column":1}},"21":{"start":{"line":40,"column":12},"end":{"line":40,"column":35}},"22":{"start":{"line":43,"column":24},"end":{"line":46,"column":1}},"23":{"start":{"line":45,"column":14},"end":{"line":45,"column":31}},"24":{"start":{"line":48,"column":25},"end":{"line":51,"column":1}},"25":{"start":{"line":50,"column":15},"end":{"line":50,"column":39}},"26":{"start":{"line":53,"column":26},"end":{"line":56,"column":1}},"27":{"start":{"line":55,"column":16},"end":{"line":55,"column":41}},"28":{"start":{"line":58,"column":22},"end":{"line":61,"column":1}},"29":{"start":{"line":60,"column":12},"end":{"line":60,"column":33}},"30":{"start":{"line":63,"column":34},"end":{"line":71,"column":1}},"31":{"start":{"line":66,"column":4},"end":{"line":68,"column":5}},"32":{"start":{"line":67,"column":6},"end":{"line":67,"column":23}},"33":{"start":{"line":69,"column":4},"end":{"line":69,"column":38}},"34":{"start":{"line":73,"column":35},"end":{"line":78,"column":1}},"35":{"start":{"line":77,"column":50},"end":{"line":77,"column":98}},"36":{"start":{"line":80,"column":31},"end":{"line":86,"column":1}},"37":{"start":{"line":85,"column":4},"end":{"line":85,"column":55}},"38":{"start":{"line":88,"column":37},"end":{"line":92,"column":1}},"39":{"start":{"line":91,"column":40},"end":{"line":91,"column":75}},"40":{"start":{"line":94,"column":38},"end":{"line":98,"column":1}},"41":{"start":{"line":97,"column":42},"end":{"line":97,"column":79}},"42":{"start":{"line":100,"column":33},"end":{"line":105,"column":1}},"43":{"start":{"line":104,"column":4},"end":{"line":104,"column":55}},"44":{"start":{"line":107,"column":37},"end":{"line":113,"column":1}},"45":{"start":{"line":112,"column":4},"end":{"line":112,"column":52}}},"fnMap":{"0":{"name":"(anonymous_0)","decl":{"start":{"line":5,"column":24},"end":{"line":5,"column":25}},"loc":{"start":{"line":6,"column":2},"end":{"line":6,"column":75}},"line":6},"1":{"name":"(anonymous_1)","decl":{"start":{"line":8,"column":24},"end":{"line":8,"column":25}},"loc":{"start":{"line":8,"column":44},"end":{"line":8,"column":64}},"line":8},"2":{"name":"(anonymous_2)","decl":{"start":{"line":9,"column":23},"end":{"line":9,"column":24}},"loc":{"start":{"line":9,"column":43},"end":{"line":9,"column":62}},"line":9},"3":{"name":"(anonymous_3)","decl":{"start":{"line":10,"column":25},"end":{"line":10,"column":26}},"loc":{"start":{"line":10,"column":45},"end":{"line":10,"column":66}},"line":10},"4":{"name":"(anonymous_4)","decl":{"start":{"line":11,"column":21},"end":{"line":11,"column":22}},"loc":{"start":{"line":11,"column":41},"end":{"line":11,"column":58}},"line":11},"5":{"name":"(anonymous_5)","decl":{"start":{"line":15,"column":2},"end":{"line":15,"column":3}},"loc":{"start":{"line":15,"column":15},"end":{"line":15,"column":33}},"line":15},"6":{"name":"(anonymous_6)","decl":{"start":{"line":20,"column":2},"end":{"line":20,"column":3}},"loc":{"start":{"line":20,"column":16},"end":{"line":20,"column":35}},"line":20},"7":{"name":"(anonymous_7)","decl":{"start":{"line":25,"column":2},"end":{"line":25,"column":3}},"loc":{"start":{"line":25,"column":12},"end":{"line":25,"column":27}},"line":25},"8":{"name":"(anonymous_8)","decl":{"start":{"line":30,"column":2},"end":{"line":30,"column":3}},"loc":{"start":{"line":30,"column":15},"end":{"line":30,"column":41}},"line":30},"9":{"name":"(anonymous_9)","decl":{"start":{"line":35,"column":2},"end":{"line":35,"column":3}},"loc":{"start":{"line":35,"column":16},"end":{"line":35,"column":43}},"line":35},"10":{"name":"(anonymous_10)","decl":{"start":{"line":40,"column":2},"end":{"line":40,"column":3}},"loc":{"start":{"line":40,"column":12},"end":{"line":40,"column":35}},"line":40},"11":{"name":"(anonymous_11)","decl":{"start":{"line":45,"column":2},"end":{"line":45,"column":3}},"loc":{"start":{"line":45,"column":14},"end":{"line":45,"column":31}},"line":45},"12":{"name":"(anonymous_12)","decl":{"start":{"line":50,"column":2},"end":{"line":50,"column":3}},"loc":{"start":{"line":50,"column":15},"end":{"line":50,"column":39}},"line":50},"13":{"name":"(anonymous_13)","decl":{"start":{"line":55,"column":2},"end":{"line":55,"column":3}},"loc":{"start":{"line":55,"column":16},"end":{"line":55,"column":41}},"line":55},"14":{"name":"(anonymous_14)","decl":{"start":{"line":60,"column":2},"end":{"line":60,"column":3}},"loc":{"start":{"line":60,"column":12},"end":{"line":60,"column":33}},"line":60},"15":{"name":"(anonymous_15)","decl":{"start":{"line":65,"column":2},"end":{"line":65,"column":3}},"loc":{"start":{"line":65,"column":25},"end":{"line":70,"column":3}},"line":65},"16":{"name":"(anonymous_16)","decl":{"start":{"line":77,"column":2},"end":{"line":77,"column":3}},"loc":{"start":{"line":77,"column":50},"end":{"line":77,"column":98}},"line":77},"17":{"name":"(anonymous_17)","decl":{"start":{"line":84,"column":2},"end":{"line":84,"column":3}},"loc":{"start":{"line":85,"column":4},"end":{"line":85,"column":55}},"line":85},"18":{"name":"(anonymous_18)","decl":{"start":{"line":91,"column":2},"end":{"line":91,"column":3}},"loc":{"start":{"line":91,"column":40},"end":{"line":91,"column":75}},"line":91},"19":{"name":"(anonymous_19)","decl":{"start":{"line":97,"column":2},"end":{"line":97,"column":3}},"loc":{"start":{"line":97,"column":42},"end":{"line":97,"column":79}},"line":97},"20":{"name":"(anonymous_20)","decl":{"start":{"line":103,"column":2},"end":{"line":103,"column":3}},"loc":{"start":{"line":104,"column":4},"end":{"line":104,"column":55}},"line":104},"21":{"name":"(anonymous_21)","decl":{"start":{"line":111,"column":2},"end":{"line":111,"column":3}},"loc":{"start":{"line":112,"column":4},"end":{"line":112,"column":52}},"line":112}},"branchMap":{"0":{"loc":{"start":{"line":66,"column":4},"end":{"line":68,"column":5}},"type":"if","locations":[{"start":{"line":66,"column":4},"end":{"line":68,"column":5}},{"start":{"line":66,"column":4},"end":{"line":68,"column":5}}],"line":66},"1":{"loc":{"start":{"line":77,"column":50},"end":{"line":77,"column":98}},"type":"binary-expr","locations":[{"start":{"line":77,"column":50},"end":{"line":77,"column":65}},{"start":{"line":77,"column":69},"end":{"line":77,"column":82}},{"start":{"line":77,"column":86},"end":{"line":77,"column":98}}],"line":77},"2":{"loc":{"start":{"line":85,"column":4},"end":{"line":85,"column":55}},"type":"binary-expr","locations":[{"start":{"line":85,"column":4},"end":{"line":85,"column":18}},{"start":{"line":85,"column":22},"end":{"line":85,"column":37}},{"start":{"line":85,"column":41},"end":{"line":85,"column":55}}],"line":85},"3":{"loc":{"start":{"line":91,"column":40},"end":{"line":91,"column":75}},"type":"binary-expr","locations":[{"start":{"line":91,"column":40},"end":{"line":91,"column":55}},{"start":{"line":91,"column":59},"end":{"line":91,"column":75}}],"line":91},"4":{"loc":{"start":{"line":97,"column":42},"end":{"line":97,"column":79}},"type":"binary-expr","locations":[{"start":{"line":97,"column":42},"end":{"line":97,"column":58}},{"start":{"line":97,"column":62},"end":{"line":97,"column":79}}],"line":97},"5":{"loc":{"start":{"line":104,"column":4},"end":{"line":104,"column":55}},"type":"binary-expr","locations":[{"start":{"line":104,"column":4},"end":{"line":104,"column":27}},{"start":{"line":104,"column":31},"end":{"line":104,"column":55}}],"line":104},"6":{"loc":{"start":{"line":112,"column":4},"end":{"line":112,"column":52}},"type":"binary-expr","locations":[{"start":{"line":112,"column":4},"end":{"line":112,"column":15}},{"start":{"line":112,"column":19},"end":{"line":112,"column":34}},{"start":{"line":112,"column":38},"end":{"line":112,"column":52}}],"line":112}},"s":{"0":2,"1":154,"2":2,"3":187,"4":2,"5":124,"6":2,"7":111,"8":2,"9":295,"10":2,"11":19,"12":2,"13":12,"14":2,"15":9,"16":2,"17":15,"18":2,"19":9,"20":2,"21":2,"22":2,"23":41,"24":2,"25":76,"26":2,"27":26,"28":2,"29":5,"30":2,"31":2,"32":1,"33":1,"34":2,"35":62,"36":2,"37":5,"38":2,"39":5,"40":2,"41":7,"42":2,"43":3,"44":2,"45":5},"f":{"0":154,"1":187,"2":124,"3":111,"4":295,"5":19,"6":12,"7":9,"8":15,"9":9,"10":2,"11":41,"12":76,"13":26,"14":5,"15":2,"16":62,"17":5,"18":5,"19":7,"20":3,"21":5},"b":{"0":[1,1],"1":[62,38,17],"2":[5,5,3],"3":[5,3],"4":[7,4],"5":[3,3],"6":[5,4,2]},"_coverageSchema":"43e27e138ebf9cfc5966b082cf9a028302ed4184","hash":"57e6fa2d1227d169395a6d2a1b5e43293438cf7b"}
,"/Users/pedrocosta/repos/share-calculator/src/selectors/uiState.js": {"path":"/Users/pedrocosta/repos/share-calculator/src/selectors/uiState.js","statementMap":{"0":{"start":{"line":1,"column":27},"end":{"line":1,"column":64}},"1":{"start":{"line":1,"column":44},"end":{"line":1,"column":64}}},"fnMap":{"0":{"name":"(anonymous_0)","decl":{"start":{"line":1,"column":27},"end":{"line":1,"column":28}},"loc":{"start":{"line":1,"column":44},"end":{"line":1,"column":64}},"line":1}},"branchMap":{},"s":{"0":2,"1":153},"f":{"0":153},"b":{},"_coverageSchema":"43e27e138ebf9cfc5966b082cf9a028302ed4184","hash":"d7c5b4e0fa24ce6b2bc62dd51a01182f3ac6fd0b"}
,"/Users/pedrocosta/repos/share-calculator/src/svg/Chevron.js": {"path":"/Users/pedrocosta/repos/share-calculator/src/svg/Chevron.js","statementMap":{"0":{"start":{"line":5,"column":16},"end":{"line":13,"column":1}},"1":{"start":{"line":6,"column":2},"end":{"line":12,"column":8}},"2":{"start":{"line":15,"column":0},"end":{"line":18,"column":2}}},"fnMap":{"0":{"name":"(anonymous_0)","decl":{"start":{"line":5,"column":16},"end":{"line":5,"column":17}},"loc":{"start":{"line":6,"column":2},"end":{"line":12,"column":8}},"line":6}},"branchMap":{},"s":{"0":2,"1":153,"2":2},"f":{"0":153},"b":{},"_coverageSchema":"43e27e138ebf9cfc5966b082cf9a028302ed4184","hash":"f82b26be8cee139dbcfdb31f7001bd2b6893e622"}
,"/Users/pedrocosta/repos/share-calculator/src/utils/numbers.js": {"path":"/Users/pedrocosta/repos/share-calculator/src/utils/numbers.js","statementMap":{"0":{"start":{"line":3,"column":32},"end":{"line":8,"column":1}},"1":{"start":{"line":4,"column":17},"end":{"line":4,"column":54}},"2":{"start":{"line":5,"column":17},"end":{"line":5,"column":54}},"3":{"start":{"line":6,"column":17},"end":{"line":6,"column":54}},"4":{"start":{"line":7,"column":17},"end":{"line":7,"column":54}},"5":{"start":{"line":10,"column":31},"end":{"line":10,"column":54}},"6":{"start":{"line":10,"column":41},"end":{"line":10,"column":54}},"7":{"start":{"line":12,"column":29},"end":{"line":12,"column":83}},"8":{"start":{"line":12,"column":39},"end":{"line":12,"column":83}}},"fnMap":{"0":{"name":"(anonymous_0)","decl":{"start":{"line":4,"column":7},"end":{"line":4,"column":8}},"loc":{"start":{"line":4,"column":17},"end":{"line":4,"column":54}},"line":4},"1":{"name":"(anonymous_1)","decl":{"start":{"line":5,"column":7},"end":{"line":5,"column":8}},"loc":{"start":{"line":5,"column":17},"end":{"line":5,"column":54}},"line":5},"2":{"name":"(anonymous_2)","decl":{"start":{"line":6,"column":7},"end":{"line":6,"column":8}},"loc":{"start":{"line":6,"column":17},"end":{"line":6,"column":54}},"line":6},"3":{"name":"(anonymous_3)","decl":{"start":{"line":7,"column":7},"end":{"line":7,"column":8}},"loc":{"start":{"line":7,"column":17},"end":{"line":7,"column":54}},"line":7},"4":{"name":"(anonymous_4)","decl":{"start":{"line":10,"column":31},"end":{"line":10,"column":32}},"loc":{"start":{"line":10,"column":41},"end":{"line":10,"column":54}},"line":10},"5":{"name":"(anonymous_5)","decl":{"start":{"line":12,"column":29},"end":{"line":12,"column":30}},"loc":{"start":{"line":12,"column":39},"end":{"line":12,"column":83}},"line":12}},"branchMap":{"0":{"loc":{"start":{"line":12,"column":39},"end":{"line":12,"column":83}},"type":"binary-expr","locations":[{"start":{"line":12,"column":39},"end":{"line":12,"column":55}},{"start":{"line":12,"column":59},"end":{"line":12,"column":83}}],"line":12}},"s":{"0":3,"1":7,"2":2,"3":1,"4":3,"5":3,"6":97,"7":3,"8":107},"f":{"0":7,"1":2,"2":1,"3":3,"4":97,"5":107},"b":{"0":[107,71]},"_coverageSchema":"43e27e138ebf9cfc5966b082cf9a028302ed4184","hash":"6c18e594488b4e78645e2dd6ebb6a4b7eac904b6"}
,"/Users/pedrocosta/repos/share-calculator/src/utils/strings.js": {"path":"/Users/pedrocosta/repos/share-calculator/src/utils/strings.js","statementMap":{"0":{"start":{"line":1,"column":26},"end":{"line":1,"column":76}},"1":{"start":{"line":1,"column":34},"end":{"line":1,"column":76}},"2":{"start":{"line":3,"column":23},"end":{"line":3,"column":61}},"3":{"start":{"line":3,"column":30},"end":{"line":3,"column":61}},"4":{"start":{"line":5,"column":29},"end":{"line":5,"column":60}},"5":{"start":{"line":5,"column":36},"end":{"line":5,"column":60}}},"fnMap":{"0":{"name":"(anonymous_0)","decl":{"start":{"line":1,"column":26},"end":{"line":1,"column":27}},"loc":{"start":{"line":1,"column":34},"end":{"line":1,"column":76}},"line":1},"1":{"name":"(anonymous_1)","decl":{"start":{"line":3,"column":23},"end":{"line":3,"column":24}},"loc":{"start":{"line":3,"column":30},"end":{"line":3,"column":61}},"line":3},"2":{"name":"(anonymous_2)","decl":{"start":{"line":5,"column":29},"end":{"line":5,"column":30}},"loc":{"start":{"line":5,"column":36},"end":{"line":5,"column":60}},"line":5}},"branchMap":{"0":{"loc":{"start":{"line":1,"column":34},"end":{"line":1,"column":76}},"type":"binary-expr","locations":[{"start":{"line":1,"column":34},"end":{"line":1,"column":38}},{"start":{"line":1,"column":42},"end":{"line":1,"column":76}}],"line":1},"1":{"loc":{"start":{"line":3,"column":30},"end":{"line":3,"column":61}},"type":"binary-expr","locations":[{"start":{"line":3,"column":30},"end":{"line":3,"column":47}},{"start":{"line":3,"column":51},"end":{"line":3,"column":61}}],"line":3}},"s":{"0":3,"1":7,"2":3,"3":188,"4":3,"5":5},"f":{"0":7,"1":188,"2":5},"b":{"0":[7,7],"1":[188,178]},"_coverageSchema":"43e27e138ebf9cfc5966b082cf9a028302ed4184","hash":"402e4a5a0b5eda8a26cc982cbe0f76ccf8d75b6c"}
}
