TN:
SF:/Users/pedrocosta/repos/share-calculator/src/actionsCreators/operations.js
FN:3,(anonymous_0)
FN:4,(anonymous_1)
FN:5,(anonymous_2)
FN:6,(anonymous_3)
FN:7,(anonymous_4)
FN:8,(anonymous_5)
FN:9,(anonymous_6)
FN:10,(anonymous_7)
FN:11,(anonymous_8)
FN:12,(anonymous_9)
FN:13,(anonymous_10)
FNF:11
FNH:11
FNDA:57,(anonymous_0)
FNDA:29,(anonymous_1)
FNDA:19,(anonymous_2)
FNDA:11,(anonymous_3)
FNDA:4,(anonymous_4)
FNDA:3,(anonymous_5)
FNDA:2,(anonymous_6)
FNDA:2,(anonymous_7)
FNDA:1,(anonymous_8)
FNDA:2,(anonymous_9)
FNDA:2,(anonymous_10)
DA:3,57
DA:4,29
DA:5,19
DA:6,11
DA:7,4
DA:8,3
DA:9,3
DA:10,3
DA:11,3
DA:12,3
DA:13,3
LF:11
LH:11
BRF:0
BRH:0
end_of_record
TN:
SF:/Users/pedrocosta/repos/share-calculator/src/actionsCreators/uiState.js
FN:3,(anonymous_0)
FNF:1
FNH:1
FNDA:3,(anonymous_0)
DA:3,3
LF:1
LH:1
BRF:0
BRH:0
end_of_record
TN:
SF:/Users/pedrocosta/repos/share-calculator/src/actionsTypes/operations.js
FNF:0
FNH:0
DA:1,5
LF:1
LH:1
BRF:0
BRH:0
end_of_record
TN:
SF:/Users/pedrocosta/repos/share-calculator/src/actionsTypes/uiState.js
FNF:0
FNH:0
DA:1,5
LF:1
LH:1
BRF:0
BRH:0
end_of_record
TN:
SF:/Users/pedrocosta/repos/share-calculator/src/components/Button/styles.js
FNF:0
FNH:0
DA:3,3
LF:1
LH:1
BRF:0
BRH:0
end_of_record
TN:
SF:/Users/pedrocosta/repos/share-calculator/src/components/CollapsePanel/styles.js
FNF:0
FNH:0
DA:3,2
DA:23,2
LF:2
LH:2
BRF:0
BRH:0
end_of_record
TN:
SF:/Users/pedrocosta/repos/share-calculator/src/components/Navbar/navbar.js
FN:8,(anonymous_0)
FN:20,(anonymous_1)
FN:37,(anonymous_2)
FNF:3
FNH:1
FNDA:0,(anonymous_0)
FNDA:1,(anonymous_1)
FNDA:0,(anonymous_2)
DA:8,1
DA:9,0
DA:10,0
DA:13,0
DA:14,0
DA:16,0
DA:20,1
DA:21,1
DA:37,0
DA:42,1
LF:10
LH:4
BRDA:9,0,0,0
BRDA:9,0,1,0
BRDA:9,1,0,0
BRDA:9,1,1,0
BRF:4
BRH:0
end_of_record
TN:
SF:/Users/pedrocosta/repos/share-calculator/src/components/Navbar/styles.js
FNF:0
FNH:0
DA:3,1
LF:1
LH:1
BRF:0
BRH:0
end_of_record
TN:
SF:/Users/pedrocosta/repos/share-calculator/src/components/Operation/operation.js
FN:6,(anonymous_0)
FNF:1
FNH:1
FNDA:140,(anonymous_0)
DA:6,140
DA:8,2
DA:12,2
LF:3
LH:3
BRF:0
BRH:0
end_of_record
TN:
SF:/Users/pedrocosta/repos/share-calculator/src/components/Operation/styles.js
FNF:0
FNH:0
DA:3,2
LF:1
LH:1
BRF:0
BRH:0
end_of_record
TN:
SF:/Users/pedrocosta/repos/share-calculator/src/components/Pad/styles.js
FNF:0
FNH:0
DA:3,2
LF:1
LH:1
BRF:0
BRH:0
end_of_record
TN:
SF:/Users/pedrocosta/repos/share-calculator/src/components/Result/result.js
FN:6,(anonymous_0)
FNF:1
FNH:1
FNDA:42,(anonymous_0)
DA:6,42
DA:8,2
DA:12,2
LF:3
LH:3
BRF:0
BRH:0
end_of_record
TN:
SF:/Users/pedrocosta/repos/share-calculator/src/components/Result/styles.js
FNF:0
FNH:0
DA:3,2
LF:1
LH:1
BRF:0
BRH:0
end_of_record
TN:
SF:/Users/pedrocosta/repos/share-calculator/src/components/Screen/styles.js
FNF:0
FNH:0
DA:3,2
LF:1
LH:1
BRF:0
BRH:0
end_of_record
TN:
SF:/Users/pedrocosta/repos/share-calculator/src/reducers/operations.js
FN:12,reducer
FNF:1
FNH:1
FNDA:165,reducer
DA:5,2
DA:13,165
DA:15,57
DA:16,57
DA:26,29
DA:31,19
DA:36,11
DA:37,11
DA:43,4
DA:48,3
DA:53,2
DA:59,2
DA:64,1
DA:68,2
DA:74,2
DA:75,2
DA:82,33
LF:17
LH:17
BRDA:12,0,0,31
BRDA:13,1,0,57
BRDA:13,1,1,29
BRDA:13,1,2,19
BRDA:13,1,3,11
BRDA:13,1,4,4
BRDA:13,1,5,3
BRDA:13,1,6,2
BRDA:13,1,7,2
BRDA:13,1,8,1
BRDA:13,1,9,2
BRDA:13,1,10,2
BRDA:13,1,11,33
BRDA:16,2,0,1
BRDA:16,2,1,56
BRF:15
BRH:15
end_of_record
TN:
SF:/Users/pedrocosta/repos/share-calculator/src/reducers/uiState.js
FN:7,reducer
FNF:1
FNH:1
FNDA:156,reducer
DA:3,2
DA:8,156
DA:10,4
DA:12,152
LF:4
LH:4
BRDA:7,0,0,31
BRDA:8,1,0,4
BRDA:8,1,1,152
BRF:3
BRH:3
end_of_record
TN:
SF:/Users/pedrocosta/repos/share-calculator/src/screens/Calculator/calculator.js
FN:23,(anonymous_0)
FN:24,(anonymous_1)
FN:32,(anonymous_2)
FN:39,(anonymous_3)
FN:61,(anonymous_4)
FNF:5
FNH:5
FNDA:151,(anonymous_0)
FNDA:77,(anonymous_1)
FNDA:11,(anonymous_2)
FNDA:9,(anonymous_3)
FNDA:29,(anonymous_4)
DA:23,1
DA:24,151
DA:25,77
DA:26,53
DA:27,53
DA:29,24
DA:32,151
DA:33,11
DA:34,1
DA:36,10
DA:39,151
DA:40,9
DA:41,1
DA:42,1
DA:45,8
DA:46,2
DA:47,2
DA:50,6
DA:51,1
DA:52,1
DA:55,5
DA:56,3
DA:57,3
DA:61,151
DA:62,29
DA:66,2
DA:69,27
DA:70,1
DA:73,26
DA:74,3
DA:77,23
DA:78,4
DA:81,19
DA:82,1
DA:85,18
DA:88,151
LF:36
LH:36
BRDA:25,0,0,53
BRDA:25,0,1,24
BRDA:33,1,0,1
BRDA:33,1,1,10
BRDA:40,2,0,1
BRDA:40,2,1,8
BRDA:45,3,0,2
BRDA:45,3,1,6
BRDA:50,4,0,1
BRDA:50,4,1,5
BRDA:55,5,0,3
BRDA:55,5,1,2
BRDA:62,6,0,2
BRDA:62,6,1,27
BRDA:63,7,0,29
BRDA:63,7,1,29
BRDA:63,7,2,5
BRDA:69,8,0,1
BRDA:69,8,1,26
BRDA:73,9,0,3
BRDA:73,9,1,23
BRDA:73,10,0,26
BRDA:73,10,1,3
BRDA:77,11,0,4
BRDA:77,11,1,19
BRDA:77,12,0,23
BRDA:77,12,1,5
BRDA:77,12,2,4
BRDA:81,13,0,1
BRDA:81,13,1,18
BRDA:90,14,0,150
BRDA:90,14,1,1
BRDA:98,15,0,150
BRDA:98,15,1,1
BRF:34
BRH:34
end_of_record
TN:
SF:/Users/pedrocosta/repos/share-calculator/src/screens/Calculator/styles.js
FNF:0
FNH:0
DA:3,1
LF:1
LH:1
BRF:0
BRH:0
end_of_record
TN:
SF:/Users/pedrocosta/repos/share-calculator/src/selectors/operations.js
FN:5,(anonymous_0)
FN:8,(anonymous_1)
FN:9,(anonymous_2)
FN:10,(anonymous_3)
FN:11,(anonymous_4)
FN:15,(anonymous_5)
FN:20,(anonymous_6)
FN:25,(anonymous_7)
FN:30,(anonymous_8)
FN:35,(anonymous_9)
FN:40,(anonymous_10)
FN:45,(anonymous_11)
FN:50,(anonymous_12)
FN:55,(anonymous_13)
FN:60,(anonymous_14)
FN:65,(anonymous_15)
FN:77,(anonymous_16)
FN:84,(anonymous_17)
FN:91,(anonymous_18)
FN:97,(anonymous_19)
FN:103,(anonymous_20)
FN:111,(anonymous_21)
FNF:22
FNH:22
FNDA:154,(anonymous_0)
FNDA:187,(anonymous_1)
FNDA:124,(anonymous_2)
FNDA:111,(anonymous_3)
FNDA:295,(anonymous_4)
FNDA:19,(anonymous_5)
FNDA:12,(anonymous_6)
FNDA:9,(anonymous_7)
FNDA:15,(anonymous_8)
FNDA:9,(anonymous_9)
FNDA:2,(anonymous_10)
FNDA:41,(anonymous_11)
FNDA:76,(anonymous_12)
FNDA:26,(anonymous_13)
FNDA:5,(anonymous_14)
FNDA:2,(anonymous_15)
FNDA:62,(anonymous_16)
FNDA:5,(anonymous_17)
FNDA:5,(anonymous_18)
FNDA:7,(anonymous_19)
FNDA:3,(anonymous_20)
FNDA:5,(anonymous_21)
DA:5,2
DA:6,154
DA:8,187
DA:9,124
DA:10,111
DA:11,295
DA:13,2
DA:15,19
DA:18,2
DA:20,12
DA:23,2
DA:25,9
DA:28,2
DA:30,15
DA:33,2
DA:35,9
DA:38,2
DA:40,2
DA:43,2
DA:45,41
DA:48,2
DA:50,76
DA:53,2
DA:55,26
DA:58,2
DA:60,5
DA:63,2
DA:66,2
DA:67,1
DA:69,1
DA:73,2
DA:77,62
DA:80,2
DA:85,5
DA:88,2
DA:91,5
DA:94,2
DA:97,7
DA:100,2
DA:104,3
DA:107,2
DA:112,5
LF:42
LH:42
BRDA:66,0,0,1
BRDA:66,0,1,1
BRDA:77,1,0,62
BRDA:77,1,1,38
BRDA:77,1,2,17
BRDA:85,2,0,5
BRDA:85,2,1,5
BRDA:85,2,2,3
BRDA:91,3,0,5
BRDA:91,3,1,3
BRDA:97,4,0,7
BRDA:97,4,1,4
BRDA:104,5,0,3
BRDA:104,5,1,3
BRDA:112,6,0,5
BRDA:112,6,1,4
BRDA:112,6,2,2
BRF:17
BRH:17
end_of_record
TN:
SF:/Users/pedrocosta/repos/share-calculator/src/selectors/uiState.js
FN:1,(anonymous_0)
FNF:1
FNH:1
FNDA:153,(anonymous_0)
DA:1,153
LF:1
LH:1
BRF:0
BRH:0
end_of_record
TN:
SF:/Users/pedrocosta/repos/share-calculator/src/svg/Chevron.js
FN:5,(anonymous_0)
FNF:1
FNH:1
FNDA:153,(anonymous_0)
DA:5,2
DA:6,153
DA:15,2
LF:3
LH:3
BRF:0
BRH:0
end_of_record
TN:
SF:/Users/pedrocosta/repos/share-calculator/src/utils/numbers.js
FN:4,(anonymous_0)
FN:5,(anonymous_1)
FN:6,(anonymous_2)
FN:7,(anonymous_3)
FN:10,(anonymous_4)
FN:12,(anonymous_5)
FNF:6
FNH:6
FNDA:7,(anonymous_0)
FNDA:2,(anonymous_1)
FNDA:1,(anonymous_2)
FNDA:3,(anonymous_3)
FNDA:97,(anonymous_4)
FNDA:107,(anonymous_5)
DA:3,3
DA:4,7
DA:5,2
DA:6,1
DA:7,3
DA:10,97
DA:12,107
LF:7
LH:7
BRDA:12,0,0,107
BRDA:12,0,1,71
BRF:2
BRH:2
end_of_record
TN:
SF:/Users/pedrocosta/repos/share-calculator/src/utils/strings.js
FN:1,(anonymous_0)
FN:3,(anonymous_1)
FN:5,(anonymous_2)
FNF:3
FNH:3
FNDA:7,(anonymous_0)
FNDA:188,(anonymous_1)
FNDA:5,(anonymous_2)
DA:1,7
DA:3,188
DA:5,5
LF:3
LH:3
BRDA:1,0,0,7
BRDA:1,0,1,7
BRDA:3,1,0,188
BRDA:3,1,1,178
BRF:4
BRH:4
end_of_record
